# JRE version: Java(TM) SE Runtime Environment (16.0+36) (build 16+36-2231)
# Java VM: Java HotSpot(TM) 64-Bit Server VM (16+36-2231, mixed mode, sharing, tiered, compressed oops, g1 gc, windows-amd64)
GC Precious Log:
 CPUs: 4 total, 4 available
 Memory: 3962M
 Large Page Support: Disabled
 NUMA Support: Disabled
 Compressed Oops: Enabled (32-bit)
 Heap Region Size: 1M
 Heap Min Capacity: 8M
 Heap Initial Capacity: 62M
 Heap Max Capacity: 992M
 Pre-touch: Disabled
 Parallel Workers: 4
 Concurrent Workers: 1
 Concurrent Refinement Workers: 4
 Periodic GC: Disabled
Heap:
 garbage-first heap   total 76800K, used 52526K [0x00000000c2000000, 0x0000000100000000)
  region size 1024K, 2 young (2048K), 1 survivors (1024K)
 Metaspace       used 4839K, committed 4992K, reserved 1056768K
  class space    used 485K, committed 576K, reserved 1048576K
GC Heap History (12 events):
Event: 0.744 GC heap before
{Heap before GC invocations=0 (full 0):
 garbage-first heap   total 63488K, used 21504K [0x00000000c2000000, 0x0000000100000000)
  region size 1024K, 13 young (13312K), 0 survivors (0K)
 Metaspace       used 4800K, committed 4992K, reserved 1056768K
  class space    used 483K, committed 576K, reserved 1048576K
}
Event: 0.749 GC heap after
{Heap after GC invocations=1 (full 0):
 garbage-first heap   total 63488K, used 10513K [0x00000000c2000000, 0x0000000100000000)
  region size 1024K, 2 young (2048K), 2 survivors (2048K)
 Metaspace       used 4800K, committed 4992K, reserved 1056768K
  class space    used 483K, committed 576K, reserved 1048576K
}
Event: 1.078 GC heap before
{Heap before GC invocations=1 (full 0):
 garbage-first heap   total 63488K, used 37137K [0x00000000c2000000, 0x0000000100000000)
  region size 1024K, 17 young (17408K), 2 survivors (2048K)
 Metaspace       used 4838K, committed 4992K, reserved 1056768K
  class space    used 485K, committed 576K, reserved 1048576K
}
Event: 1.082 GC heap after
{Heap after GC invocations=2 (full 0):
 garbage-first heap   total 63488K, used 23158K [0x00000000c2000000, 0x0000000100000000)
  region size 1024K, 1 young (1024K), 1 survivors (1024K)
 Metaspace       used 4838K, committed 4992K, reserved 1056768K
  class space    used 485K, committed 576K, reserved 1048576K
}
Event: 1.175 GC heap before
{Heap before GC invocations=2 (full 0):
 garbage-first heap   total 63488K, used 38518K [0x00000000c2000000, 0x0000000100000000)
  region size 1024K, 10 young (10240K), 1 survivors (1024K)
 Metaspace       used 4839K, committed 4992K, reserved 1056768K
  class space    used 485K, committed 576K, reserved 1048576K
}
Event: 1.175 GC heap after
{Heap after GC invocations=3 (full 0):
 garbage-first heap   total 63488K, used 31078K [0x00000000c2000000, 0x0000000100000000)
  region size 1024K, 1 young (1024K), 1 survivors (1024K)
 Metaspace       used 4839K, committed 4992K, reserved 1056768K
  class space    used 485K, committed 576K, reserved 1048576K
}
Event: 1.238 GC heap before
{Heap before GC invocations=4 (full 0):
 garbage-first heap   total 63488K, used 35174K [0x00000000c2000000, 0x0000000100000000)
  region size 1024K, 4 young (4096K), 1 survivors (1024K)
 Metaspace       used 4839K, committed 4992K, reserved 1056768K
  class space    used 485K, committed 576K, reserved 1048576K
}
Event: 1.239 GC heap after
{Heap after GC invocations=5 (full 0):
 garbage-first heap   total 63488K, used 33075K [0x00000000c2000000, 0x0000000100000000)
  region size 1024K, 1 young (1024K), 1 survivors (1024K)
 Metaspace       used 4839K, committed 4992K, reserved 1056768K
  class space    used 485K, committed 576K, reserved 1048576K
}
Event: 1.324 GC heap before
{Heap before GC invocations=6 (full 0):
 garbage-first heap   total 73728K, used 48435K [0x00000000c2000000, 0x0000000100000000)
  region size 1024K, 10 young (10240K), 1 survivors (1024K)
 Metaspace       used 4839K, committed 4992K, reserved 1056768K
  class space    used 485K, committed 576K, reserved 1048576K
}
Event: 1.324 GC heap after
{Heap after GC invocations=7 (full 0):
 garbage-first heap   total 73728K, used 41267K [0x00000000c2000000, 0x0000000100000000)
  region size 1024K, 1 young (1024K), 1 survivors (1024K)
 Metaspace       used 4839K, committed 4992K, reserved 1056768K
  class space    used 485K, committed 576K, reserved 1048576K
}
Event: 1.397 GC heap before
{Heap before GC invocations=8 (full 0):
 garbage-first heap   total 76800K, used 44339K [0x00000000c2000000, 0x0000000100000000)
  region size 1024K, 3 young (3072K), 1 survivors (1024K)
 Metaspace       used 4839K, committed 4992K, reserved 1056768K
  class space    used 485K, committed 576K, reserved 1048576K
}
Event: 1.398 GC heap after
{Heap after GC invocations=9 (full 0):
 garbage-first heap   total 76800K, used 43310K [0x00000000c2000000, 0x0000000100000000)
  region size 1024K, 1 young (1024K), 1 survivors (1024K)
 Metaspace       used 4839K, committed 4992K, reserved 1056768K
  class space    used 485K, committed 576K, reserved 1048576K
}

