# JRE version: Java(TM) SE Runtime Environment (16.0+36) (build 16+36-2231)
# Java VM: Java HotSpot(TM) 64-Bit Server VM (16+36-2231, mixed mode, sharing, tiered, compressed oops, g1 gc, windows-amd64)
GC Precious Log:
 CPUs: 4 total, 4 available
 Memory: 3962M
 Large Page Support: Disabled
 NUMA Support: Disabled
 Compressed Oops: Enabled (32-bit)
 Heap Region Size: 1M
 Heap Min Capacity: 8M
 Heap Initial Capacity: 62M
 Heap Max Capacity: 992M
 Pre-touch: Disabled
 Parallel Workers: 4
 Concurrent Workers: 1
 Concurrent Refinement Workers: 4
 Periodic GC: Disabled
Heap:
 garbage-first heap   total 92160K, used 60715K [0x00000000c2000000, 0x0000000100000000)
  region size 1024K, 2 young (2048K), 1 survivors (1024K)
 Metaspace       used 4823K, committed 4992K, reserved 1056768K
  class space    used 488K, committed 576K, reserved 1048576K
GC Heap History (14 events):
Event: 0.629 GC heap before
{Heap before GC invocations=0 (full 0):
 garbage-first heap   total 63488K, used 21504K [0x00000000c2000000, 0x0000000100000000)
  region size 1024K, 13 young (13312K), 0 survivors (0K)
 Metaspace       used 4778K, committed 4928K, reserved 1056768K
  class space    used 483K, committed 576K, reserved 1048576K
}
Event: 0.639 GC heap after
{Heap after GC invocations=1 (full 0):
 garbage-first heap   total 63488K, used 10511K [0x00000000c2000000, 0x0000000100000000)
  region size 1024K, 2 young (2048K), 2 survivors (2048K)
 Metaspace       used 4778K, committed 4928K, reserved 1056768K
  class space    used 483K, committed 576K, reserved 1048576K
}
Event: 0.857 GC heap before
{Heap before GC invocations=1 (full 0):
 garbage-first heap   total 63488K, used 37135K [0x00000000c2000000, 0x0000000100000000)
  region size 1024K, 17 young (17408K), 2 survivors (2048K)
 Metaspace       used 4810K, committed 4992K, reserved 1056768K
  class space    used 485K, committed 576K, reserved 1048576K
}
Event: 0.860 GC heap after
{Heap after GC invocations=2 (full 0):
 garbage-first heap   total 63488K, used 23155K [0x00000000c2000000, 0x0000000100000000)
  region size 1024K, 1 young (1024K), 1 survivors (1024K)
 Metaspace       used 4810K, committed 4992K, reserved 1056768K
  class space    used 485K, committed 576K, reserved 1048576K
}
Event: 0.918 GC heap before
{Heap before GC invocations=2 (full 0):
 garbage-first heap   total 63488K, used 38515K [0x00000000c2000000, 0x0000000100000000)
  region size 1024K, 10 young (10240K), 1 survivors (1024K)
 Metaspace       used 4810K, committed 4992K, reserved 1056768K
  class space    used 485K, committed 576K, reserved 1048576K
}
Event: 0.918 GC heap after
{Heap after GC invocations=3 (full 0):
 garbage-first heap   total 63488K, used 31072K [0x00000000c2000000, 0x0000000100000000)
  region size 1024K, 1 young (1024K), 1 survivors (1024K)
 Metaspace       used 4810K, committed 4992K, reserved 1056768K
  class space    used 485K, committed 576K, reserved 1048576K
}
Event: 0.954 GC heap before
{Heap before GC invocations=4 (full 0):
 garbage-first heap   total 63488K, used 34144K [0x00000000c2000000, 0x0000000100000000)
  region size 1024K, 3 young (3072K), 1 survivors (1024K)
 Metaspace       used 4810K, committed 4992K, reserved 1056768K
  class space    used 485K, committed 576K, reserved 1048576K
}
Event: 0.954 GC heap after
{Heap after GC invocations=5 (full 0):
 garbage-first heap   total 63488K, used 33068K [0x00000000c2000000, 0x0000000100000000)
  region size 1024K, 1 young (1024K), 1 survivors (1024K)
 Metaspace       used 4810K, committed 4992K, reserved 1056768K
  class space    used 485K, committed 576K, reserved 1048576K
}
Event: 1.003 GC heap before
{Heap before GC invocations=6 (full 0):
 garbage-first heap   total 73728K, used 49452K [0x00000000c2000000, 0x0000000100000000)
  region size 1024K, 10 young (10240K), 1 survivors (1024K)
 Metaspace       used 4810K, committed 4992K, reserved 1056768K
  class space    used 485K, committed 576K, reserved 1048576K
}
Event: 1.003 GC heap after
{Heap after GC invocations=7 (full 0):
 garbage-first heap   total 73728K, used 41260K [0x00000000c2000000, 0x0000000100000000)
  region size 1024K, 1 young (1024K), 1 survivors (1024K)
 Metaspace       used 4810K, committed 4992K, reserved 1056768K
  class space    used 485K, committed 576K, reserved 1048576K
}
Event: 1.049 GC heap before
{Heap before GC invocations=8 (full 0):
 garbage-first heap   total 76800K, used 44332K [0x00000000c2000000, 0x0000000100000000)
  region size 1024K, 3 young (3072K), 1 survivors (1024K)
 Metaspace       used 4810K, committed 4992K, reserved 1056768K
  class space    used 485K, committed 576K, reserved 1048576K
}
Event: 1.050 GC heap after
{Heap after GC invocations=9 (full 0):
 garbage-first heap   total 92160K, used 43301K [0x00000000c2000000, 0x0000000100000000)
  region size 1024K, 1 young (1024K), 1 survivors (1024K)
 Metaspace       used 4810K, committed 4992K, reserved 1056768K
  class space    used 485K, committed 576K, reserved 1048576K
}
Event: 1.146 GC heap before
{Heap before GC invocations=10 (full 0):
 garbage-first heap   total 92160K, used 62757K [0x00000000c2000000, 0x0000000100000000)
  region size 1024K, 13 young (13312K), 1 survivors (1024K)
 Metaspace       used 4823K, committed 4992K, reserved 1056768K
  class space    used 488K, committed 576K, reserved 1048576K
}
Event: 1.147 GC heap after
{Heap after GC invocations=11 (full 0):
 garbage-first heap   total 92160K, used 52523K [0x00000000c2000000, 0x0000000100000000)
  region size 1024K, 1 young (1024K), 1 survivors (1024K)
 Metaspace       used 4823K, committed 4992K, reserved 1056768K
  class space    used 488K, committed 576K, reserved 1048576K
}

